{"/home/diego/Documents/Driven/backend/sing-me-a-song/src/setup.js": {"path":"/home/diego/Documents/Driven/backend/sing-me-a-song/src/setup.js","statementMap":{"0":{"start":{"line":3,"column":14},"end":{"line":3,"column":25}},"1":{"start":{"line":5,"column":0},"end":{"line":7,"column":1}},"2":{"start":{"line":6,"column":2},"end":{"line":6,"column":19}},"3":{"start":{"line":9,"column":0},"end":{"line":11,"column":1}},"4":{"start":{"line":10,"column":2},"end":{"line":10,"column":23}},"5":{"start":{"line":13,"column":0},"end":{"line":15,"column":3}}},"fnMap":{},"branchMap":{"0":{"loc":{"start":{"line":5,"column":0},"end":{"line":7,"column":1}},"type":"if","locations":[{"start":{"line":5,"column":0},"end":{"line":7,"column":1}},{"start":{},"end":{}}],"line":5},"1":{"loc":{"start":{"line":9,"column":0},"end":{"line":11,"column":1}},"type":"if","locations":[{"start":{"line":9,"column":0},"end":{"line":11,"column":1}},{"start":{},"end":{}}],"line":9}},"s":{"0":5,"1":5,"2":0,"3":5,"4":0,"5":5},"f":{},"b":{"0":[0,5],"1":[0,5]},"_coverageSchema":"1a1c01bbd47fc00a2c39e90264f33305004495a9","hash":"40bf765b4f4cd1da94aca3a4bc7ed07776156b9e"}
,"/home/diego/Documents/Driven/backend/sing-me-a-song/src/database/database.js": {"path":"/home/diego/Documents/Driven/backend/sing-me-a-song/src/database/database.js","statementMap":{"0":{"start":{"line":4,"column":17},"end":{"line":4,"column":19}},"1":{"start":{"line":6,"column":21},"end":{"line":12,"column":1}},"2":{"start":{"line":14,"column":0},"end":{"line":21,"column":1}},"3":{"start":{"line":15,"column":2},"end":{"line":20,"column":4}},"4":{"start":{"line":22,"column":0},"end":{"line":22,"column":37}},"5":{"start":{"line":24,"column":19},"end":{"line":24,"column":43}}},"fnMap":{},"branchMap":{"0":{"loc":{"start":{"line":14,"column":0},"end":{"line":21,"column":1}},"type":"if","locations":[{"start":{"line":14,"column":0},"end":{"line":21,"column":1}},{"start":{},"end":{}}],"line":14}},"s":{"0":5,"1":5,"2":5,"3":0,"4":5,"5":5},"f":{},"b":{"0":[0,5]},"_coverageSchema":"1a1c01bbd47fc00a2c39e90264f33305004495a9","hash":"3e563b2793d82eaadfec3fce027c14070b3fc758"}
,"/home/diego/Documents/Driven/backend/sing-me-a-song/src/repositories/filterHelper.js": {"path":"/home/diego/Documents/Driven/backend/sing-me-a-song/src/repositories/filterHelper.js","statementMap":{"0":{"start":{"line":2,"column":18},"end":{"line":2,"column":54}},"1":{"start":{"line":3,"column":25},"end":{"line":3,"column":27}},"2":{"start":{"line":4,"column":2},"end":{"line":7,"column":3}},"3":{"start":{"line":5,"column":4},"end":{"line":5,"column":32}},"4":{"start":{"line":6,"column":4},"end":{"line":6,"column":72}},"5":{"start":{"line":8,"column":2},"end":{"line":16,"column":3}},"6":{"start":{"line":9,"column":4},"end":{"line":11,"column":5}},"7":{"start":{"line":10,"column":6},"end":{"line":10,"column":38}},"8":{"start":{"line":12,"column":4},"end":{"line":14,"column":5}},"9":{"start":{"line":13,"column":6},"end":{"line":13,"column":52}},"10":{"start":{"line":15,"column":4},"end":{"line":15,"column":51}},"11":{"start":{"line":17,"column":2},"end":{"line":17,"column":19}},"12":{"start":{"line":18,"column":2},"end":{"line":21,"column":4}}},"fnMap":{"0":{"name":"filterHelper","decl":{"start":{"line":1,"column":24},"end":{"line":1,"column":36}},"loc":{"start":{"line":1,"column":60},"end":{"line":22,"column":1}},"line":1}},"branchMap":{"0":{"loc":{"start":{"line":4,"column":2},"end":{"line":7,"column":3}},"type":"if","locations":[{"start":{"line":4,"column":2},"end":{"line":7,"column":3}},{"start":{},"end":{}}],"line":4},"1":{"loc":{"start":{"line":8,"column":2},"end":{"line":16,"column":3}},"type":"if","locations":[{"start":{"line":8,"column":2},"end":{"line":16,"column":3}},{"start":{},"end":{}}],"line":8},"2":{"loc":{"start":{"line":9,"column":4},"end":{"line":11,"column":5}},"type":"if","locations":[{"start":{"line":9,"column":4},"end":{"line":11,"column":5}},{"start":{},"end":{}}],"line":9},"3":{"loc":{"start":{"line":12,"column":4},"end":{"line":14,"column":5}},"type":"if","locations":[{"start":{"line":12,"column":4},"end":{"line":14,"column":5}},{"start":{},"end":{}}],"line":12}},"s":{"0":0,"1":0,"2":0,"3":0,"4":0,"5":0,"6":0,"7":0,"8":0,"9":0,"10":0,"11":0,"12":0},"f":{"0":0},"b":{"0":[0,0],"1":[0,0],"2":[0,0],"3":[0,0]},"_coverageSchema":"1a1c01bbd47fc00a2c39e90264f33305004495a9","hash":"53bae33175bda676db341dfe4bc4e5b817a79f81"}
,"/home/diego/Documents/Driven/backend/sing-me-a-song/src/repositories/recommendationRepository.js": {"path":"/home/diego/Documents/Driven/backend/sing-me-a-song/src/repositories/recommendationRepository.js","statementMap":{"0":{"start":{"line":5,"column":29},"end":{"line":9,"column":3}},"1":{"start":{"line":10,"column":2},"end":{"line":12,"column":3}},"2":{"start":{"line":11,"column":4},"end":{"line":11,"column":21}},"3":{"start":{"line":13,"column":20},"end":{"line":13,"column":46}},"4":{"start":{"line":14,"column":2},"end":{"line":14,"column":15}},"5":{"start":{"line":18,"column":27},"end":{"line":22,"column":3}},"6":{"start":{"line":24,"column":2},"end":{"line":29,"column":3}},"7":{"start":{"line":25,"column":4},"end":{"line":28,"column":6}},"8":{"start":{"line":30,"column":2},"end":{"line":35,"column":4}},"9":{"start":{"line":36,"column":2},"end":{"line":39,"column":4}},"10":{"start":{"line":43,"column":16},"end":{"line":43,"column":41}},"11":{"start":{"line":44,"column":2},"end":{"line":49,"column":3}},"12":{"start":{"line":45,"column":4},"end":{"line":48,"column":6}},"13":{"start":{"line":50,"column":2},"end":{"line":55,"column":4}},"14":{"start":{"line":56,"column":2},"end":{"line":59,"column":4}},"15":{"start":{"line":63,"column":16},"end":{"line":63,"column":41}},"16":{"start":{"line":64,"column":2},"end":{"line":69,"column":3}},"17":{"start":{"line":65,"column":4},"end":{"line":68,"column":6}},"18":{"start":{"line":71,"column":25},"end":{"line":76,"column":3}},"19":{"start":{"line":78,"column":2},"end":{"line":85,"column":3}},"20":{"start":{"line":79,"column":4},"end":{"line":84,"column":6}},"21":{"start":{"line":86,"column":2},"end":{"line":89,"column":4}},"22":{"start":{"line":93,"column":40},"end":{"line":93,"column":75}},"23":{"start":{"line":94,"column":25},"end":{"line":94,"column":74}},"24":{"start":{"line":96,"column":2},"end":{"line":98,"column":3}},"25":{"start":{"line":97,"column":4},"end":{"line":97,"column":34}},"26":{"start":{"line":99,"column":2},"end":{"line":99,"column":29}}},"fnMap":{"0":{"name":"selectMusicById","decl":{"start":{"line":4,"column":15},"end":{"line":4,"column":30}},"loc":{"start":{"line":4,"column":35},"end":{"line":15,"column":1}},"line":4},"1":{"name":"insertRecommendation","decl":{"start":{"line":17,"column":15},"end":{"line":17,"column":35}},"loc":{"start":{"line":17,"column":59},"end":{"line":40,"column":1}},"line":17},"2":{"name":"updateVote","decl":{"start":{"line":42,"column":15},"end":{"line":42,"column":25}},"loc":{"start":{"line":42,"column":30},"end":{"line":60,"column":1}},"line":42},"3":{"name":"downdateVote","decl":{"start":{"line":62,"column":15},"end":{"line":62,"column":27}},"loc":{"start":{"line":62,"column":32},"end":{"line":90,"column":1}},"line":62},"4":{"name":"selectrecommendation","decl":{"start":{"line":92,"column":15},"end":{"line":92,"column":35}},"loc":{"start":{"line":92,"column":59},"end":{"line":100,"column":1}},"line":92}},"branchMap":{"0":{"loc":{"start":{"line":10,"column":2},"end":{"line":12,"column":3}},"type":"if","locations":[{"start":{"line":10,"column":2},"end":{"line":12,"column":3}},{"start":{},"end":{}}],"line":10},"1":{"loc":{"start":{"line":24,"column":2},"end":{"line":29,"column":3}},"type":"if","locations":[{"start":{"line":24,"column":2},"end":{"line":29,"column":3}},{"start":{},"end":{}}],"line":24},"2":{"loc":{"start":{"line":44,"column":2},"end":{"line":49,"column":3}},"type":"if","locations":[{"start":{"line":44,"column":2},"end":{"line":49,"column":3}},{"start":{},"end":{}}],"line":44},"3":{"loc":{"start":{"line":64,"column":2},"end":{"line":69,"column":3}},"type":"if","locations":[{"start":{"line":64,"column":2},"end":{"line":69,"column":3}},{"start":{},"end":{}}],"line":64},"4":{"loc":{"start":{"line":78,"column":2},"end":{"line":85,"column":3}},"type":"if","locations":[{"start":{"line":78,"column":2},"end":{"line":85,"column":3}},{"start":{},"end":{}}],"line":78},"5":{"loc":{"start":{"line":96,"column":2},"end":{"line":98,"column":3}},"type":"if","locations":[{"start":{"line":96,"column":2},"end":{"line":98,"column":3}},{"start":{},"end":{}}],"line":96}},"s":{"0":0,"1":0,"2":0,"3":0,"4":0,"5":0,"6":0,"7":0,"8":0,"9":0,"10":0,"11":0,"12":0,"13":0,"14":0,"15":0,"16":0,"17":0,"18":0,"19":0,"20":0,"21":0,"22":0,"23":0,"24":0,"25":0,"26":0},"f":{"0":0,"1":0,"2":0,"3":0,"4":0},"b":{"0":[0,0],"1":[0,0],"2":[0,0],"3":[0,0],"4":[0,0],"5":[0,0]},"_coverageSchema":"1a1c01bbd47fc00a2c39e90264f33305004495a9","hash":"583f19028879912f596ecb270bdb28140eec8ec2"}
,"/home/diego/Documents/Driven/backend/sing-me-a-song/src/services/recommendationService.js": {"path":"/home/diego/Documents/Driven/backend/sing-me-a-song/src/services/recommendationService.js","statementMap":{"0":{"start":{"line":5,"column":4},"end":{"line":5,"column":126}},"1":{"start":{"line":6,"column":2},"end":{"line":8,"column":3}},"2":{"start":{"line":7,"column":4},"end":{"line":7,"column":16}},"3":{"start":{"line":9,"column":2},"end":{"line":9,"column":15}},"4":{"start":{"line":13,"column":21},"end":{"line":13,"column":51}},"5":{"start":{"line":14,"column":2},"end":{"line":19,"column":3}},"6":{"start":{"line":15,"column":4},"end":{"line":18,"column":6}},"7":{"start":{"line":21,"column":4},"end":{"line":21,"column":78}},"8":{"start":{"line":23,"column":2},"end":{"line":28,"column":3}},"9":{"start":{"line":24,"column":4},"end":{"line":27,"column":6}},"10":{"start":{"line":29,"column":2},"end":{"line":32,"column":4}},"11":{"start":{"line":36,"column":23},"end":{"line":36,"column":68}},"12":{"start":{"line":38,"column":2},"end":{"line":43,"column":3}},"13":{"start":{"line":39,"column":4},"end":{"line":42,"column":6}},"14":{"start":{"line":44,"column":2},"end":{"line":47,"column":4}},"15":{"start":{"line":51,"column":22},"end":{"line":51,"column":69}},"16":{"start":{"line":53,"column":2},"end":{"line":58,"column":3}},"17":{"start":{"line":54,"column":4},"end":{"line":57,"column":6}},"18":{"start":{"line":59,"column":2},"end":{"line":62,"column":4}},"19":{"start":{"line":66,"column":20},"end":{"line":66,"column":33}},"20":{"start":{"line":67,"column":26},"end":{"line":69,"column":3}},"21":{"start":{"line":70,"column":2},"end":{"line":75,"column":3}},"22":{"start":{"line":71,"column":4},"end":{"line":74,"column":6}},"23":{"start":{"line":77,"column":23},"end":{"line":77,"column":73}},"24":{"start":{"line":77,"column":56},"end":{"line":77,"column":72}},"25":{"start":{"line":78,"column":21},"end":{"line":78,"column":70}},"26":{"start":{"line":78,"column":54},"end":{"line":78,"column":69}},"27":{"start":{"line":80,"column":2},"end":{"line":88,"column":3}},"28":{"start":{"line":84,"column":4},"end":{"line":87,"column":6}},"29":{"start":{"line":89,"column":2},"end":{"line":94,"column":3}},"30":{"start":{"line":90,"column":4},"end":{"line":93,"column":6}},"31":{"start":{"line":95,"column":2},"end":{"line":98,"column":4}},"32":{"start":{"line":103,"column":4},"end":{"line":103,"column":67}},"33":{"start":{"line":104,"column":2},"end":{"line":107,"column":4}}},"fnMap":{"0":{"name":"isYoutubeLink","decl":{"start":{"line":3,"column":9},"end":{"line":3,"column":22}},"loc":{"start":{"line":3,"column":40},"end":{"line":10,"column":1}},"line":3},"1":{"name":"postRecommendationService","decl":{"start":{"line":12,"column":15},"end":{"line":12,"column":40}},"loc":{"start":{"line":12,"column":64},"end":{"line":33,"column":1}},"line":12},"2":{"name":"upRecommendationService","decl":{"start":{"line":35,"column":15},"end":{"line":35,"column":38}},"loc":{"start":{"line":35,"column":43},"end":{"line":48,"column":1}},"line":35},"3":{"name":"downRecommendationService","decl":{"start":{"line":50,"column":15},"end":{"line":50,"column":40}},"loc":{"start":{"line":50,"column":45},"end":{"line":63,"column":1}},"line":50},"4":{"name":"getRecommendationMusic","decl":{"start":{"line":65,"column":15},"end":{"line":65,"column":37}},"loc":{"start":{"line":65,"column":40},"end":{"line":99,"column":1}},"line":65},"5":{"name":"(anonymous_5)","decl":{"start":{"line":77,"column":46},"end":{"line":77,"column":47}},"loc":{"start":{"line":77,"column":56},"end":{"line":77,"column":72}},"line":77},"6":{"name":"(anonymous_6)","decl":{"start":{"line":78,"column":44},"end":{"line":78,"column":45}},"loc":{"start":{"line":78,"column":54},"end":{"line":78,"column":69}},"line":78},"7":{"name":"getRecommendationMusicsAmount","decl":{"start":{"line":101,"column":15},"end":{"line":101,"column":44}},"loc":{"start":{"line":101,"column":57},"end":{"line":108,"column":1}},"line":101}},"branchMap":{"0":{"loc":{"start":{"line":6,"column":2},"end":{"line":8,"column":3}},"type":"if","locations":[{"start":{"line":6,"column":2},"end":{"line":8,"column":3}},{"start":{},"end":{}}],"line":6},"1":{"loc":{"start":{"line":14,"column":2},"end":{"line":19,"column":3}},"type":"if","locations":[{"start":{"line":14,"column":2},"end":{"line":19,"column":3}},{"start":{},"end":{}}],"line":14},"2":{"loc":{"start":{"line":23,"column":2},"end":{"line":28,"column":3}},"type":"if","locations":[{"start":{"line":23,"column":2},"end":{"line":28,"column":3}},{"start":{},"end":{}}],"line":23},"3":{"loc":{"start":{"line":38,"column":2},"end":{"line":43,"column":3}},"type":"if","locations":[{"start":{"line":38,"column":2},"end":{"line":43,"column":3}},{"start":{},"end":{}}],"line":38},"4":{"loc":{"start":{"line":53,"column":2},"end":{"line":58,"column":3}},"type":"if","locations":[{"start":{"line":53,"column":2},"end":{"line":58,"column":3}},{"start":{},"end":{}}],"line":53},"5":{"loc":{"start":{"line":70,"column":2},"end":{"line":75,"column":3}},"type":"if","locations":[{"start":{"line":70,"column":2},"end":{"line":75,"column":3}},{"start":{},"end":{}}],"line":70},"6":{"loc":{"start":{"line":80,"column":2},"end":{"line":88,"column":3}},"type":"if","locations":[{"start":{"line":80,"column":2},"end":{"line":88,"column":3}},{"start":{},"end":{}}],"line":80},"7":{"loc":{"start":{"line":81,"column":4},"end":{"line":82,"column":58}},"type":"binary-expr","locations":[{"start":{"line":81,"column":5},"end":{"line":81,"column":30}},{"start":{"line":81,"column":34},"end":{"line":81,"column":57}},{"start":{"line":82,"column":5},"end":{"line":82,"column":30}},{"start":{"line":82,"column":34},"end":{"line":82,"column":57}}],"line":81},"8":{"loc":{"start":{"line":89,"column":2},"end":{"line":94,"column":3}},"type":"if","locations":[{"start":{"line":89,"column":2},"end":{"line":94,"column":3}},{"start":{},"end":{}}],"line":89}},"s":{"0":3,"1":3,"2":2,"3":1,"4":3,"5":3,"6":1,"7":2,"8":2,"9":1,"10":1,"11":0,"12":0,"13":0,"14":0,"15":0,"16":0,"17":0,"18":0,"19":6,"20":6,"21":6,"22":1,"23":5,"24":15,"25":5,"26":15,"27":5,"28":2,"29":3,"30":2,"31":1,"32":1,"33":1},"f":{"0":3,"1":3,"2":0,"3":0,"4":6,"5":15,"6":15,"7":1},"b":{"0":[2,1],"1":[1,2],"2":[1,1],"3":[0,0],"4":[0,0],"5":[1,5],"6":[2,3],"7":[5,1,4,4],"8":[2,1]},"_coverageSchema":"1a1c01bbd47fc00a2c39e90264f33305004495a9","hash":"59e9f8996d05e15967f9445ffd98807f4a2a3ded"}
,"/home/diego/Documents/Driven/backend/sing-me-a-song/tests/factories/mockFactory.js": {"path":"/home/diego/Documents/Driven/backend/sing-me-a-song/tests/factories/mockFactory.js","statementMap":{"0":{"start":{"line":3,"column":22},"end":{"line":3,"column":54}},"1":{"start":{"line":4,"column":23},"end":{"line":4,"column":56}},"2":{"start":{"line":5,"column":19},"end":{"line":5,"column":69}},"3":{"start":{"line":6,"column":21},"end":{"line":6,"column":73}},"4":{"start":{"line":7,"column":19},"end":{"line":7,"column":79}},"5":{"start":{"line":8,"column":19},"end":{"line":8,"column":79}},"6":{"start":{"line":10,"column":37},"end":{"line":23,"column":1}},"7":{"start":{"line":12,"column":4},"end":{"line":12,"column":65}},"8":{"start":{"line":12,"column":47},"end":{"line":12,"column":64}},"9":{"start":{"line":14,"column":4},"end":{"line":14,"column":66}},"10":{"start":{"line":14,"column":48},"end":{"line":14,"column":65}},"11":{"start":{"line":16,"column":4},"end":{"line":16,"column":62}},"12":{"start":{"line":16,"column":44},"end":{"line":16,"column":61}},"13":{"start":{"line":18,"column":4},"end":{"line":18,"column":64}},"14":{"start":{"line":18,"column":46},"end":{"line":18,"column":63}},"15":{"start":{"line":20,"column":4},"end":{"line":20,"column":62}},"16":{"start":{"line":20,"column":44},"end":{"line":20,"column":61}},"17":{"start":{"line":22,"column":4},"end":{"line":22,"column":62}},"18":{"start":{"line":22,"column":44},"end":{"line":22,"column":61}}},"fnMap":{"0":{"name":"(anonymous_0)","decl":{"start":{"line":11,"column":9},"end":{"line":11,"column":10}},"loc":{"start":{"line":12,"column":4},"end":{"line":12,"column":65}},"line":12},"1":{"name":"(anonymous_1)","decl":{"start":{"line":12,"column":41},"end":{"line":12,"column":42}},"loc":{"start":{"line":12,"column":47},"end":{"line":12,"column":64}},"line":12},"2":{"name":"(anonymous_2)","decl":{"start":{"line":13,"column":10},"end":{"line":13,"column":11}},"loc":{"start":{"line":14,"column":4},"end":{"line":14,"column":66}},"line":14},"3":{"name":"(anonymous_3)","decl":{"start":{"line":14,"column":42},"end":{"line":14,"column":43}},"loc":{"start":{"line":14,"column":48},"end":{"line":14,"column":65}},"line":14},"4":{"name":"(anonymous_4)","decl":{"start":{"line":15,"column":14},"end":{"line":15,"column":15}},"loc":{"start":{"line":16,"column":4},"end":{"line":16,"column":62}},"line":16},"5":{"name":"(anonymous_5)","decl":{"start":{"line":16,"column":38},"end":{"line":16,"column":39}},"loc":{"start":{"line":16,"column":44},"end":{"line":16,"column":61}},"line":16},"6":{"name":"(anonymous_6)","decl":{"start":{"line":17,"column":16},"end":{"line":17,"column":17}},"loc":{"start":{"line":18,"column":4},"end":{"line":18,"column":64}},"line":18},"7":{"name":"(anonymous_7)","decl":{"start":{"line":18,"column":40},"end":{"line":18,"column":41}},"loc":{"start":{"line":18,"column":46},"end":{"line":18,"column":63}},"line":18},"8":{"name":"(anonymous_8)","decl":{"start":{"line":19,"column":24},"end":{"line":19,"column":25}},"loc":{"start":{"line":20,"column":4},"end":{"line":20,"column":62}},"line":20},"9":{"name":"(anonymous_9)","decl":{"start":{"line":20,"column":38},"end":{"line":20,"column":39}},"loc":{"start":{"line":20,"column":44},"end":{"line":20,"column":61}},"line":20},"10":{"name":"(anonymous_10)","decl":{"start":{"line":21,"column":24},"end":{"line":21,"column":25}},"loc":{"start":{"line":22,"column":4},"end":{"line":22,"column":62}},"line":22},"11":{"name":"(anonymous_11)","decl":{"start":{"line":22,"column":38},"end":{"line":22,"column":39}},"loc":{"start":{"line":22,"column":44},"end":{"line":22,"column":61}},"line":22}},"branchMap":{},"s":{"0":5,"1":5,"2":5,"3":5,"4":5,"5":5,"6":5,"7":5,"8":5,"9":5,"10":5,"11":2,"12":2,"13":2,"14":2,"15":7,"16":7,"17":2,"18":2},"f":{"0":5,"1":5,"2":5,"3":5,"4":2,"5":2,"6":2,"7":2,"8":7,"9":7,"10":2,"11":2},"b":{},"_coverageSchema":"1a1c01bbd47fc00a2c39e90264f33305004495a9","hash":"1134c73b53ff72f91916e38090c31ab2495f67a5"}
,"/home/diego/Documents/Driven/backend/sing-me-a-song/tests/factories/recommendationsListFactory.js": {"path":"/home/diego/Documents/Driven/backend/sing-me-a-song/tests/factories/recommendationsListFactory.js","statementMap":{"0":{"start":{"line":6,"column":2},"end":{"line":29,"column":3}},"1":{"start":{"line":7,"column":4},"end":{"line":28,"column":6}},"2":{"start":{"line":30,"column":2},"end":{"line":53,"column":3}},"3":{"start":{"line":31,"column":4},"end":{"line":52,"column":6}},"4":{"start":{"line":55,"column":2},"end":{"line":78,"column":3}},"5":{"start":{"line":56,"column":4},"end":{"line":77,"column":6}}},"fnMap":{"0":{"name":"recommendationListFactory","decl":{"start":{"line":1,"column":24},"end":{"line":1,"column":49}},"loc":{"start":{"line":5,"column":3},"end":{"line":79,"column":1}},"line":5}},"branchMap":{"0":{"loc":{"start":{"line":6,"column":2},"end":{"line":29,"column":3}},"type":"if","locations":[{"start":{"line":6,"column":2},"end":{"line":29,"column":3}},{"start":{},"end":{}}],"line":6},"1":{"loc":{"start":{"line":30,"column":2},"end":{"line":53,"column":3}},"type":"if","locations":[{"start":{"line":30,"column":2},"end":{"line":53,"column":3}},{"start":{},"end":{}}],"line":30},"2":{"loc":{"start":{"line":55,"column":2},"end":{"line":78,"column":3}},"type":"if","locations":[{"start":{"line":55,"column":2},"end":{"line":78,"column":3}},{"start":{},"end":{}}],"line":55}},"s":{"0":6,"1":1,"2":5,"3":1,"4":4,"5":4},"f":{"0":6},"b":{"0":[1,5],"1":[1,4],"2":[4,0]},"_coverageSchema":"1a1c01bbd47fc00a2c39e90264f33305004495a9","hash":"3e63020b6c6532a50ae664924b9f503b93438bdf"}
}
