TN:
SF:src/setup.js
FNF:0
FNH:0
DA:3,5
DA:5,5
DA:6,0
DA:9,5
DA:10,0
DA:13,5
LF:6
LH:4
BRDA:5,0,0,0
BRDA:5,0,1,5
BRDA:9,1,0,0
BRDA:9,1,1,5
BRF:4
BRH:2
end_of_record
TN:
SF:src/database/database.js
FNF:0
FNH:0
DA:4,5
DA:6,5
DA:14,5
DA:15,0
DA:22,5
DA:24,5
LF:6
LH:5
BRDA:14,0,0,0
BRDA:14,0,1,5
BRF:2
BRH:1
end_of_record
TN:
SF:src/repositories/filterHelper.js
FN:1,filterHelper
FNF:1
FNH:0
FNDA:0,filterHelper
DA:2,0
DA:3,0
DA:4,0
DA:5,0
DA:6,0
DA:8,0
DA:9,0
DA:10,0
DA:12,0
DA:13,0
DA:15,0
DA:17,0
DA:18,0
LF:13
LH:0
BRDA:4,0,0,0
BRDA:4,0,1,0
BRDA:8,1,0,0
BRDA:8,1,1,0
BRDA:9,2,0,0
BRDA:9,2,1,0
BRDA:12,3,0,0
BRDA:12,3,1,0
BRF:8
BRH:0
end_of_record
TN:
SF:src/repositories/recommendationRepository.js
FN:4,selectMusicById
FN:17,insertRecommendation
FN:42,updateVote
FN:62,downdateVote
FN:92,selectrecommendation
FNF:5
FNH:0
FNDA:0,selectMusicById
FNDA:0,insertRecommendation
FNDA:0,updateVote
FNDA:0,downdateVote
FNDA:0,selectrecommendation
DA:5,0
DA:10,0
DA:11,0
DA:13,0
DA:14,0
DA:18,0
DA:24,0
DA:25,0
DA:30,0
DA:36,0
DA:43,0
DA:44,0
DA:45,0
DA:50,0
DA:56,0
DA:63,0
DA:64,0
DA:65,0
DA:71,0
DA:78,0
DA:79,0
DA:86,0
DA:93,0
DA:94,0
DA:96,0
DA:97,0
DA:99,0
LF:27
LH:0
BRDA:10,0,0,0
BRDA:10,0,1,0
BRDA:24,1,0,0
BRDA:24,1,1,0
BRDA:44,2,0,0
BRDA:44,2,1,0
BRDA:64,3,0,0
BRDA:64,3,1,0
BRDA:78,4,0,0
BRDA:78,4,1,0
BRDA:96,5,0,0
BRDA:96,5,1,0
BRF:12
BRH:0
end_of_record
TN:
SF:src/services/recommendationService.js
FN:3,isYoutubeLink
FN:12,postRecommendationService
FN:35,upRecommendationService
FN:50,downRecommendationService
FN:65,getRecommendationMusic
FN:77,(anonymous_5)
FN:78,(anonymous_6)
FN:101,getRecommendationMusicsAmount
FNF:8
FNH:6
FNDA:3,isYoutubeLink
FNDA:3,postRecommendationService
FNDA:0,upRecommendationService
FNDA:0,downRecommendationService
FNDA:6,getRecommendationMusic
FNDA:15,(anonymous_5)
FNDA:15,(anonymous_6)
FNDA:1,getRecommendationMusicsAmount
DA:5,3
DA:6,3
DA:7,2
DA:9,1
DA:13,3
DA:14,3
DA:15,1
DA:21,2
DA:23,2
DA:24,1
DA:29,1
DA:36,0
DA:38,0
DA:39,0
DA:44,0
DA:51,0
DA:53,0
DA:54,0
DA:59,0
DA:66,6
DA:67,6
DA:70,6
DA:71,1
DA:77,15
DA:78,15
DA:80,5
DA:84,2
DA:89,3
DA:90,2
DA:95,1
DA:103,1
DA:104,1
LF:32
LH:24
BRDA:6,0,0,2
BRDA:6,0,1,1
BRDA:14,1,0,1
BRDA:14,1,1,2
BRDA:23,2,0,1
BRDA:23,2,1,1
BRDA:38,3,0,0
BRDA:38,3,1,0
BRDA:53,4,0,0
BRDA:53,4,1,0
BRDA:70,5,0,1
BRDA:70,5,1,5
BRDA:80,6,0,2
BRDA:80,6,1,3
BRDA:81,7,0,5
BRDA:81,7,1,1
BRDA:81,7,2,4
BRDA:81,7,3,4
BRDA:89,8,0,2
BRDA:89,8,1,1
BRF:20
BRH:16
end_of_record
TN:
SF:tests/factories/mockFactory.js
FN:11,(anonymous_0)
FN:12,(anonymous_1)
FN:13,(anonymous_2)
FN:14,(anonymous_3)
FN:15,(anonymous_4)
FN:16,(anonymous_5)
FN:17,(anonymous_6)
FN:18,(anonymous_7)
FN:19,(anonymous_8)
FN:20,(anonymous_9)
FN:21,(anonymous_10)
FN:22,(anonymous_11)
FNF:12
FNH:12
FNDA:5,(anonymous_0)
FNDA:5,(anonymous_1)
FNDA:5,(anonymous_2)
FNDA:5,(anonymous_3)
FNDA:2,(anonymous_4)
FNDA:2,(anonymous_5)
FNDA:2,(anonymous_6)
FNDA:2,(anonymous_7)
FNDA:7,(anonymous_8)
FNDA:7,(anonymous_9)
FNDA:2,(anonymous_10)
FNDA:2,(anonymous_11)
DA:3,5
DA:4,5
DA:5,5
DA:6,5
DA:7,5
DA:8,5
DA:10,5
DA:12,5
DA:14,5
DA:16,2
DA:18,2
DA:20,7
DA:22,2
LF:13
LH:13
BRF:0
BRH:0
end_of_record
TN:
SF:tests/factories/recommendationsListFactory.js
FN:1,recommendationListFactory
FNF:1
FNH:1
FNDA:6,recommendationListFactory
DA:6,6
DA:7,1
DA:30,5
DA:31,1
DA:55,4
DA:56,4
LF:6
LH:6
BRDA:6,0,0,1
BRDA:6,0,1,5
BRDA:30,1,0,1
BRDA:30,1,1,4
BRDA:55,2,0,4
BRDA:55,2,1,0
BRF:6
BRH:5
end_of_record
